[2023-01-24T09:02:28.063426+01:00] miApp.INFO: Producto incluido ["Tarta la aweli"] []
[2023-01-24T09:02:28.064804+01:00] miApp.INFO: Producto incluido ["Tarta de queso"] []
[2023-01-24T09:02:28.065236+01:00] miApp.INFO: Producto incluido ["Negro"] []
[2023-01-24T09:02:28.065295+01:00] miApp.INFO: Producto incluido ["Blanco"] []
[2023-01-24T09:02:28.065554+01:00] miApp.INFO: Producto incluido ["Manolito"] []
[2023-01-24T09:02:28.065614+01:00] miApp.INFO: Producto incluido ["Suso"] []
[2023-01-24T09:02:28.066014+01:00] miApp.CRITICAL: Cliente no encontrado [3] []
[2023-01-24T09:02:28.066512+01:00] miApp.ERROR: Dulce no encontrado [8] []
[2023-01-24T09:02:28.066819+01:00] miApp.WARNING: Dulce no comprado ["Suso"] []
[2023-01-24T09:15:57.059311+01:00] miApp.INFO: Producto incluido ["Tarta la aweli"] []
[2023-01-24T09:15:57.060472+01:00] miApp.INFO: Producto incluido ["Tarta de queso"] []
[2023-01-24T09:15:57.060648+01:00] miApp.INFO: Producto incluido ["Negro"] []
[2023-01-24T09:15:57.060672+01:00] miApp.INFO: Producto incluido ["Blanco"] []
[2023-01-24T09:15:57.060805+01:00] miApp.INFO: Producto incluido ["Manolito"] []
[2023-01-24T09:15:57.060826+01:00] miApp.INFO: Producto incluido ["Suso"] []
[2023-01-24T09:15:57.065359+01:00] miApp.INFO: Producto incluido ["Tarta la aweli"] []
[2023-01-24T09:15:57.065559+01:00] miApp.INFO: Producto incluido ["Tarta de queso"] []
[2023-01-24T09:15:57.065592+01:00] miApp.INFO: Producto incluido ["Negro"] []
[2023-01-24T09:15:57.065613+01:00] miApp.INFO: Producto incluido ["Manolito"] []
[2023-01-24T09:16:33.342622+01:00] miApp.INFO: Producto incluido ["Tarta la aweli"] []
[2023-01-24T09:16:33.343471+01:00] miApp.INFO: Producto incluido ["Tarta de queso"] []
[2023-01-24T09:16:33.343638+01:00] miApp.INFO: Producto incluido ["Negro"] []
[2023-01-24T09:16:33.343661+01:00] miApp.INFO: Producto incluido ["Blanco"] []
[2023-01-24T09:16:33.343779+01:00] miApp.INFO: Producto incluido ["Manolito"] []
[2023-01-24T09:16:33.343798+01:00] miApp.INFO: Producto incluido ["Suso"] []
[2023-01-24T09:16:33.347769+01:00] miApp.INFO: Producto incluido ["Tarta la aweli"] []
[2023-01-24T09:16:33.347956+01:00] miApp.INFO: Producto incluido ["Tarta de queso"] []
[2023-01-24T09:16:33.347993+01:00] miApp.INFO: Producto incluido ["Negro"] []
[2023-01-24T09:16:33.348017+01:00] miApp.INFO: Producto incluido ["Manolito"] []
